<?xml version="1.0" encoding="UTF-8"?>
<!-- Generated by org.testng.reporters.JUnitReportReporter -->
<testsuite hostname="Newt-Pk024" name="Test.MainTest" tests="3" failures="0" timestamp="10 Jun 2016 10:41:15 GMT" time="534.848" errors="0">
  <testcase name="compareNYSEStocks" time="203.111" classname="Test.MainTest"/>
  <testcase name="compareNYSEStocks" time="171.404" classname="Test.MainTest"/>
  <testcase name="compareNYSEStocks" time="160.333" classname="Test.MainTest"/>
</testsuite> <!-- Test.MainTest -->
